<?xml version="1.0" encoding="UTF-8"?>
<!-- Generated by org.testng.reporters.JUnitXMLReporter -->
<testsuite ignored="0" hostname="Abdullahs-MBP.lan1" failures="1" tests="2" name="logintest" time="21.105" errors="0" timestamp="03 Apr 2019 15:46:38 GMT">
  <testcase classname="com.mercury.qa.testpages.LoginPageTest" name="loginvalidationwith_ValidUserName_and_ValidPassword" time="5.523"/>
  <testcase classname="com.mercury.qa.testpages.LoginPageTest" name="loginvalidationwithInvalidUserNameandValidPassword" time="6.694">
    <failure type="java.lang.AssertionError" message="expected:&amp;lt;Sign-on: Mercury Tours&amp;gt; but was:&amp;lt;Find a Flight: Mercury Tours:&amp;gt;">
      <![CDATA[java.lang.AssertionError: expected:<Sign-on: Mercury Tours> but was:<Find a Flight: Mercury Tours:>
at com.mercury.qa.testpages.LoginPageTest.loginvalidationwithInvalidUserNameandValidPassword(LoginPageTest.java:102)
... Removed 27 stack frames]]>
    </failure>
  </testcase> <!-- loginvalidationwithInvalidUserNameandValidPassword -->
</testsuite> <!-- logintest -->
